<?xml version="1.0" encoding="UTF-8"?>
<!-- Generated by org.testng.reporters.JUnitReportReporter -->
<testsuite skipped="0" hostname="Pratik-Burde" name="SeleniumFrameworkDesign.Test.ExtentReportsDemo" tests="1" failures="0" timestamp="02 Jan 2023 15:24:09 GMT" time="15.749" errors="0">
  <testcase name="initialDemo" time="15.749" classname="SeleniumFrameworkDesign.Test.ExtentReportsDemo"/>
</testsuite> <!-- SeleniumFrameworkDesign.Test.ExtentReportsDemo -->
