<?xml version="1.0" encoding="UTF-8"?>
<!-- Generated by org.testng.reporters.JUnitReportReporter -->
<testsuite skipped="0" hostname="Pratik-Burde" name="SeleniumGrid.googleTest" tests="1" failures="0" timestamp="17 Jan 2023 08:26:48 GMT" time="54.731" errors="0">
  <testcase name="HomePageCheck" time="54.731" classname="SeleniumGrid.googleTest"/>
</testsuite> <!-- SeleniumGrid.googleTest -->
