<?xml version="1.0" encoding="UTF-8"?>
<!-- Generated by org.testng.reporters.JUnitReportReporter -->
<testsuite skipped="0" hostname="Pratik-Burde" name="TestNGTutorial.PaymentTest" tests="2" failures="0" timestamp="22 Dec 2022 15:01:45 GMT" time="0.027" errors="0">
  <testcase name="paymentindoller" time="0.025" classname="TestNGTutorial.PaymentTest"/>
  <testcase name="paymentinrupee" time="0.002" classname="TestNGTutorial.PaymentTest"/>
</testsuite> <!-- TestNGTutorial.PaymentTest -->
