<?xml version="1.0" encoding="UTF-8"?>
<!-- Generated by org.testng.reporters.JUnitReportReporter -->
<testsuite skipped="0" hostname="Pratik-Burde" name="BatchTesting.LoginTest" tests="3" failures="0" timestamp="02 Dec 2022 07:19:56 GMT" time="0.027" errors="0">
  <testcase name="loginByemail" time="0.000" classname="BatchTesting.LoginTest"/>
  <testcase name="loginBytwitter" time="0.000" classname="BatchTesting.LoginTest"/>
  <testcase name="loginByFacebook" time="0.027" classname="BatchTesting.LoginTest"/>
</testsuite> <!-- BatchTesting.LoginTest -->
