<?xml version="1.0" encoding="UTF-8"?>
<!-- Generated by org.testng.reporters.JUnitReportReporter -->
<testsuite skipped="0" hostname="Pratik-Burde" name="BatchTesting.PaymentReturns" tests="1" failures="0" timestamp="02 Dec 2022 07:27:22 GMT" time="0.000" errors="0">
  <testcase name="paymentreturnbybank" time="0.000" classname="BatchTesting.PaymentReturns"/>
</testsuite> <!-- BatchTesting.PaymentReturns -->
