<?xml version="1.0" encoding="UTF-8"?>
<!-- Generated by org.testng.reporters.JUnitReportReporter -->
<testsuite skipped="0" hostname="Pratik-Burde" name="PageObjectModel.RegistrationTest" tests="1" failures="0" timestamp="29 Nov 2022 14:44:15 GMT" time="84.922" errors="0">
  <testcase name="VerifyFlightreg" time="84.922" classname="PageObjectModel.RegistrationTest"/>
</testsuite> <!-- PageObjectModel.RegistrationTest -->
