<?xml version="1.0" encoding="UTF-8"?>
<!-- Generated by org.testng.reporters.JUnitReportReporter -->
<testsuite skipped="0" hostname="Pratik-Burde" name="JavaStreams.Test1" tests="1" failures="0" timestamp="16 Dec 2022 09:25:15 GMT" time="0.156" errors="0">
  <testcase name="streamCollect" time="0.156" classname="JavaStreams.Test1"/>
</testsuite> <!-- JavaStreams.Test1 -->
