<?xml version="1.0" encoding="UTF-8"?>
<!-- Generated by org.testng.reporters.JUnitReportReporter -->
<testsuite skipped="0" hostname="Pratik-Burde" name="BatchTesting.PaymentTest" tests="2" failures="0" timestamp="02 Dec 2022 07:27:22 GMT" time="0.021" errors="0">
  <testcase name="paymentinrupee" time="0.000" classname="BatchTesting.PaymentTest"/>
  <testcase name="paymentindoller" time="0.021" classname="BatchTesting.PaymentTest"/>
</testsuite> <!-- BatchTesting.PaymentTest -->
