<?xml version="1.0" encoding="UTF-8"?>
<!-- Generated by org.testng.reporters.JUnitReportReporter -->
<testsuite skipped="0" hostname="Pratik-Burde" name="BatchTesting.SignupTest" tests="3" failures="0" timestamp="02 Dec 2022 07:19:56 GMT" time="0.016" errors="0">
  <testcase name="signupByfacebook" time="0.008" classname="BatchTesting.SignupTest"/>
  <testcase name="signupBytwitter" time="0.000" classname="BatchTesting.SignupTest"/>
  <testcase name="signupByemail" time="0.008" classname="BatchTesting.SignupTest"/>
</testsuite> <!-- BatchTesting.SignupTest -->
