<?xml version="1.0" encoding="UTF-8"?>
<!-- Generated by org.testng.reporters.JUnitReportReporter -->
<testsuite skipped="0" hostname="Pratik-Burde" name="TestNGTutorial.LoginTest" tests="3" failures="0" timestamp="22 Dec 2022 15:01:45 GMT" time="0.047" errors="0">
  <testcase name="loginByemail" time="0.041" classname="TestNGTutorial.LoginTest"/>
  <testcase name="loginByemail" time="0.003" classname="TestNGTutorial.LoginTest"/>
  <testcase name="loginByemail" time="0.003" classname="TestNGTutorial.LoginTest"/>
</testsuite> <!-- TestNGTutorial.LoginTest -->
