<?xml version="1.0" encoding="UTF-8"?>
<!-- Generated by org.testng.reporters.JUnitReportReporter -->
<testsuite skipped="0" hostname="Pratik-Burde" name="TestNGTutorial.SignupTest" tests="2" failures="0" timestamp="22 Dec 2022 15:01:45 GMT" time="0.053" errors="0">
  <testcase name="signupBytwitter" time="0.008" classname="TestNGTutorial.SignupTest"/>
  <testcase name="signupByemail" time="0.045" classname="TestNGTutorial.SignupTest"/>
</testsuite> <!-- TestNGTutorial.SignupTest -->
