<?xml version="1.0" encoding="UTF-8"?>
<!-- Generated by org.testng.reporters.JUnitReportReporter -->
<testsuite skipped="0" hostname="Pratik-Burde" name="dataDriven.excelDataProvider.excel" tests="1" failures="0" timestamp="16 Jan 2023 08:45:19 GMT" time="3.471" errors="0">
  <testcase name="getExcel" time="3.471" classname="dataDriven.excelDataProvider.excel"/>
</testsuite> <!-- dataDriven.excelDataProvider.excel -->
