<?xml version="1.0" encoding="UTF-8"?>
<!-- Generated by org.testng.reporters.JUnitReportReporter -->
<testsuite skipped="0" hostname="Pratik-Burde" name="dataDriven.excelDataProvider.dataProvide" tests="12" failures="0" timestamp="16 Jan 2023 09:01:43 GMT" time="0.099" errors="0">
  <testcase name="testCaseData" time="0.010" classname="dataDriven.excelDataProvider.dataProvide"/>
  <testcase name="testCaseData" time="0.003" classname="dataDriven.excelDataProvider.dataProvide"/>
  <testcase name="testCaseData" time="0.008" classname="dataDriven.excelDataProvider.dataProvide"/>
  <testcase name="testCaseData" time="0.007" classname="dataDriven.excelDataProvider.dataProvide"/>
  <testcase name="testCaseData" time="0.005" classname="dataDriven.excelDataProvider.dataProvide"/>
  <testcase name="testCaseData" time="0.023" classname="dataDriven.excelDataProvider.dataProvide"/>
  <testcase name="testCaseData" time="0.002" classname="dataDriven.excelDataProvider.dataProvide"/>
  <testcase name="testCaseData" time="0.020" classname="dataDriven.excelDataProvider.dataProvide"/>
  <testcase name="testCaseData" time="0.003" classname="dataDriven.excelDataProvider.dataProvide"/>
  <testcase name="testCaseData" time="0.003" classname="dataDriven.excelDataProvider.dataProvide"/>
  <testcase name="testCaseData" time="0.012" classname="dataDriven.excelDataProvider.dataProvide"/>
  <testcase name="testCaseData" time="0.003" classname="dataDriven.excelDataProvider.dataProvide"/>
</testsuite> <!-- dataDriven.excelDataProvider.dataProvide -->
